<?xml version="1.0" encoding="UTF-8"?>
<testng-results ignored="0" total="3" passed="3" failed="0" skipped="0">
  <reporter-output>
  </reporter-output>
  <suite started-at="2019-06-30T09:51:51 EDT" name="Default suite" finished-at="2019-06-30T09:52:21 EDT" duration-ms="30696">
    <groups>
    </groups>
    <test started-at="2019-06-30T09:51:51 EDT" name="Default test" finished-at="2019-06-30T09:52:21 EDT" duration-ms="30696">
      <class name="com.Test.Bruteforce.Website_Test">
        <test-method is-config="true" signature="openbrowser()[pri:0, instance:com.Test.Bruteforce.Website_Test@710f4dc7]" started-at="2019-06-30T09:51:51 EDT" name="openbrowser" finished-at="2019-06-30T09:51:51 EDT" duration-ms="24" status="PASS">
          <reporter-output>
          </reporter-output>
        </test-method> <!-- openbrowser -->
        <test-method signature="checkInvalidEmail()[pri:0, instance:com.Test.Bruteforce.Website_Test@710f4dc7]" started-at="2019-06-30T09:51:51 EDT" name="checkInvalidEmail" finished-at="2019-06-30T09:52:00 EDT" duration-ms="8875" status="PASS">
          <reporter-output>
          </reporter-output>
        </test-method> <!-- checkInvalidEmail -->
        <test-method signature="checkValidAccount()[pri:0, instance:com.Test.Bruteforce.Website_Test@710f4dc7]" started-at="2019-06-30T09:52:00 EDT" name="checkValidAccount" finished-at="2019-06-30T09:52:09 EDT" duration-ms="9008" status="PASS">
          <reporter-output>
          </reporter-output>
        </test-method> <!-- checkValidAccount -->
        <test-method signature="customerAccCreatePage()[pri:0, instance:com.Test.Bruteforce.Website_Test@710f4dc7]" started-at="2019-06-30T09:52:09 EDT" name="customerAccCreatePage" finished-at="2019-06-30T09:52:21 EDT" duration-ms="12742" status="PASS">
          <reporter-output>
          </reporter-output>
        </test-method> <!-- customerAccCreatePage -->
        <test-method is-config="true" signature="afterClass()[pri:0, instance:com.Test.Bruteforce.Website_Test@710f4dc7]" started-at="2019-06-30T09:52:21 EDT" name="afterClass" finished-at="2019-06-30T09:52:21 EDT" duration-ms="1" status="PASS">
          <reporter-output>
          </reporter-output>
        </test-method> <!-- afterClass -->
      </class> <!-- com.Test.Bruteforce.Website_Test -->
    </test> <!-- Default test -->
  </suite> <!-- Default suite -->
</testng-results>
