<?xml version="1.0" encoding="UTF-8"?>
<testng-results ignored="0" total="5" passed="5" failed="0" skipped="0">
  <reporter-output>
  </reporter-output>
  <suite started-at="2019-06-19T12:43:34 EDT" name="Default suite" finished-at="2019-06-19T12:44:32 EDT" duration-ms="58191">
    <groups>
    </groups>
    <test started-at="2019-06-19T12:43:34 EDT" name="Default test" finished-at="2019-06-19T12:44:32 EDT" duration-ms="58191">
      <class name="com.BruteForce.Test1">
        <test-method is-config="true" signature="beforeClass()[pri:0, instance:com.BruteForce.Test1@544fa968]" started-at="2019-06-19T12:43:34 EDT" name="beforeClass" finished-at="2019-06-19T12:43:51 EDT" duration-ms="16868" status="PASS">
          <reporter-output>
          </reporter-output>
        </test-method> <!-- beforeClass -->
        <test-method signature="f()[pri:0, instance:com.BruteForce.Test1@544fa968]" started-at="2019-06-19T12:43:51 EDT" name="f" finished-at="2019-06-19T12:43:54 EDT" duration-ms="3156" status="PASS">
          <reporter-output>
          </reporter-output>
        </test-method> <!-- f -->
        <test-method signature="testcase3()[pri:0, instance:com.BruteForce.Test1@544fa968]" started-at="2019-06-19T12:43:54 EDT" name="testcase3" finished-at="2019-06-19T12:44:06 EDT" duration-ms="12272" status="PASS">
          <reporter-output>
          </reporter-output>
        </test-method> <!-- testcase3 -->
        <test-method signature="testcase4()[pri:0, instance:com.BruteForce.Test1@544fa968]" started-at="2019-06-19T12:44:06 EDT" name="testcase4" finished-at="2019-06-19T12:44:09 EDT" duration-ms="2968" status="PASS">
          <reporter-output>
          </reporter-output>
        </test-method> <!-- testcase4 -->
        <test-method signature="testcase5()[pri:0, instance:com.BruteForce.Test1@544fa968]" started-at="2019-06-19T12:44:09 EDT" name="testcase5" finished-at="2019-06-19T12:44:29 EDT" duration-ms="20023" status="PASS">
          <reporter-output>
          </reporter-output>
        </test-method> <!-- testcase5 -->
        <test-method signature="testcase2()[pri:1, instance:com.BruteForce.Test1@544fa968]" started-at="2019-06-19T12:44:29 EDT" name="testcase2" finished-at="2019-06-19T12:44:31 EDT" duration-ms="2291" status="PASS">
          <reporter-output>
          </reporter-output>
        </test-method> <!-- testcase2 -->
        <test-method is-config="true" signature="afterClass()[pri:0, instance:com.BruteForce.Test1@544fa968]" started-at="2019-06-19T12:44:31 EDT" name="afterClass" finished-at="2019-06-19T12:44:32 EDT" duration-ms="541" status="PASS">
          <reporter-output>
          </reporter-output>
        </test-method> <!-- afterClass -->
      </class> <!-- com.BruteForce.Test1 -->
    </test> <!-- Default test -->
  </suite> <!-- Default suite -->
</testng-results>
