<?xml version="1.0" encoding="UTF-8"?>
<testng-results ignored="0" total="5" passed="5" failed="0" skipped="0">
  <reporter-output>
  </reporter-output>
  <suite started-at="2019-06-17T02:34:21 EDT" name="Default suite" finished-at="2019-06-17T02:34:57 EDT" duration-ms="35960">
    <groups>
    </groups>
    <test started-at="2019-06-17T02:34:21 EDT" name="Default test" finished-at="2019-06-17T02:34:57 EDT" duration-ms="35960">
      <class name="com.BruteForce.Test1">
        <test-method is-config="true" signature="beforeClass()[pri:0, instance:com.BruteForce.Test1@544fa968]" started-at="2019-06-17T02:34:21 EDT" name="beforeClass" finished-at="2019-06-17T02:34:37 EDT" duration-ms="15563" status="PASS">
          <reporter-output>
          </reporter-output>
        </test-method> <!-- beforeClass -->
        <test-method signature="f()[pri:0, instance:com.BruteForce.Test1@544fa968]" started-at="2019-06-17T02:34:37 EDT" name="f" finished-at="2019-06-17T02:34:39 EDT" duration-ms="2630" status="PASS">
          <reporter-output>
          </reporter-output>
        </test-method> <!-- f -->
        <test-method signature="testcase3()[pri:0, instance:com.BruteForce.Test1@544fa968]" started-at="2019-06-17T02:34:39 EDT" name="testcase3" finished-at="2019-06-17T02:34:52 EDT" duration-ms="12259" status="PASS">
          <reporter-output>
          </reporter-output>
        </test-method> <!-- testcase3 -->
        <test-method signature="testcase4()[pri:0, instance:com.BruteForce.Test1@544fa968]" started-at="2019-06-17T02:34:52 EDT" name="testcase4" finished-at="2019-06-17T02:34:54 EDT" duration-ms="2487" status="PASS">
          <reporter-output>
          </reporter-output>
        </test-method> <!-- testcase4 -->
        <test-method signature="testcase5()[pri:0, instance:com.BruteForce.Test1@544fa968]" started-at="2019-06-17T02:34:54 EDT" name="testcase5" finished-at="2019-06-17T02:34:54 EDT" duration-ms="2" status="PASS">
          <reporter-output>
          </reporter-output>
        </test-method> <!-- testcase5 -->
        <test-method signature="testcase2()[pri:1, instance:com.BruteForce.Test1@544fa968]" started-at="2019-06-17T02:34:54 EDT" name="testcase2" finished-at="2019-06-17T02:34:57 EDT" duration-ms="2881" status="PASS">
          <reporter-output>
          </reporter-output>
        </test-method> <!-- testcase2 -->
        <test-method is-config="true" signature="afterClass()[pri:0, instance:com.BruteForce.Test1@544fa968]" started-at="2019-06-17T02:34:57 EDT" name="afterClass" finished-at="2019-06-17T02:34:57 EDT" duration-ms="91" status="PASS">
          <reporter-output>
          </reporter-output>
        </test-method> <!-- afterClass -->
      </class> <!-- com.BruteForce.Test1 -->
    </test> <!-- Default test -->
  </suite> <!-- Default suite -->
</testng-results>
