<?xml version="1.0" encoding="UTF-8"?>
<!-- Generated by org.testng.reporters.JUnitXMLReporter -->
<testsuite ignored="0" hostname="Mds-MacBook-Pro.local" failures="0" tests="3" name="Default test" time="30.696" errors="0" timestamp="2019-06-30T09:52:22 EDT">
  <testcase classname="com.Test.Bruteforce.Website_Test" name="checkInvalidEmail" time="8.875"/>
  <testcase classname="com.Test.Bruteforce.Website_Test" name="checkValidAccount" time="9.008"/>
  <testcase classname="com.Test.Bruteforce.Website_Test" name="customerAccCreatePage" time="12.742"/>
</testsuite> <!-- Default test -->
