<?xml version="1.0" encoding="UTF-8"?>
<!-- Generated by org.testng.reporters.JUnitXMLReporter -->
<testsuite ignored="0" hostname="Mds-MacBook-Pro.local" failures="0" tests="5" name="Default test" time="72.001" errors="0" timestamp="2019-09-12T09:52:50 EDT">
  <testcase classname="com.BruteForce.Test1" name="f" time="2.513"/>
  <testcase classname="com.BruteForce.Test1" name="testcase2" time="2.549"/>
  <testcase classname="com.BruteForce.Test1" name="testcase3" time="22.15"/>
  <testcase classname="com.BruteForce.Test1" name="testcase4" time="3.639"/>
  <testcase classname="com.BruteForce.Test1" name="testcase5" time="20.02"/>
</testsuite> <!-- Default test -->
