<?xml version="1.0" encoding="UTF-8"?>
<!-- Generated by org.testng.reporters.JUnitXMLReporter -->
<testsuite ignored="0" hostname="Mds-MacBook-Pro.local" failures="0" tests="5" name="Default test" time="58.191" errors="0" timestamp="2019-06-19T12:44:32 EDT">
  <testcase classname="com.BruteForce.Test1" name="f" time="3.156"/>
  <testcase classname="com.BruteForce.Test1" name="testcase3" time="12.272"/>
  <testcase classname="com.BruteForce.Test1" name="testcase4" time="2.968"/>
  <testcase classname="com.BruteForce.Test1" name="testcase5" time="20.023"/>
  <testcase classname="com.BruteForce.Test1" name="testcase2" time="2.291"/>
</testsuite> <!-- Default test -->
